# JRE version: OpenJDK Runtime Environment Temurin-17.0.6+10 (17.0.6+10) (build 17.0.6+10)
# Java VM: OpenJDK 64-Bit Server VM Temurin-17.0.6+10 (17.0.6+10, mixed mode, tiered, compressed oops, compressed class ptrs, parallel gc, linux-amd64)
GC Precious Log:
 CPUs: 4 total, 4 available
 Memory: 15530M
 Large Page Support: Disabled
 NUMA Support: Disabled
 Compressed Oops: Enabled (32-bit)
 Alignments: Space 512K, Generation 512K, Heap 2M
 Heap Min Capacity: 100M
 Heap Initial Capacity: 100M
 Heap Max Capacity: 2G
 Pre-touch: Disabled
 Parallel Workers: 4
Heap:
 PSYoungGen      total 18432K, used 9891K [0x00000000d5580000, 0x00000000d7c80000, 0x0000000100000000)
  eden space 15360K, 44% used [0x00000000d5580000,0x00000000d5c2c2d8,0x00000000d6480000)
  from space 3072K, 99% used [0x00000000d6e80000,0x00000000d717ccf8,0x00000000d7180000)
  to   space 10240K, 0% used [0x00000000d6480000,0x00000000d6480000,0x00000000d6e80000)
 ParOldGen       total 221184K, used 167075K [0x0000000080000000, 0x000000008d800000, 0x00000000d5580000)
  object space 221184K, 75% used [0x0000000080000000,0x000000008a328e38,0x000000008d800000)
 Metaspace       used 65763K, committed 66752K, reserved 1114112K
  class space    used 7440K, committed 7808K, reserved 1048576K
GC Heap History (20 events):
Event: 22.567 GC heap before
{Heap before GC invocations=124 (full 9):
 PSYoungGen      total 26112K, used 25621K [0x00000000d5580000, 0x00000000d7a80000, 0x0000000100000000)
  eden space 20992K, 100% used [0x00000000d5580000,0x00000000d6a00000,0x00000000d6a00000)
  from space 5120K, 90% used [0x00000000d7580000,0x00000000d7a05458,0x00000000d7a80000)
  to   space 6656K, 0% used [0x00000000d6d80000,0x00000000d6d80000,0x00000000d7400000)
 ParOldGen       total 221184K, used 152471K [0x0000000080000000, 0x000000008d800000, 0x00000000d5580000)
  object space 221184K, 68% used [0x0000000080000000,0x00000000894e5dc0,0x000000008d800000)
 Metaspace       used 58644K, committed 59520K, reserved 1105920K
  class space    used 6784K, committed 7104K, reserved 1048576K
}
Event: 22.575 GC heap after
{Heap after GC invocations=124 (full 9):
 PSYoungGen      total 26112K, used 4862K [0x00000000d5580000, 0x00000000d7600000, 0x0000000100000000)
  eden space 20992K, 0% used [0x00000000d5580000,0x00000000d5580000,0x00000000d6a00000)
  from space 5120K, 94% used [0x00000000d6d80000,0x00000000d723f838,0x00000000d7280000)
  to   space 3584K, 0% used [0x00000000d7280000,0x00000000d7280000,0x00000000d7600000)
 ParOldGen       total 221184K, used 152479K [0x0000000080000000, 0x000000008d800000, 0x00000000d5580000)
  object space 221184K, 68% used [0x0000000080000000,0x00000000894e7dc0,0x000000008d800000)
 Metaspace       used 58644K, committed 59520K, reserved 1105920K
  class space    used 6784K, committed 7104K, reserved 1048576K
}
Event: 23.009 GC heap before
{Heap before GC invocations=125 (full 9):
 PSYoungGen      total 26112K, used 25854K [0x00000000d5580000, 0x00000000d7600000, 0x0000000100000000)
  eden space 20992K, 100% used [0x00000000d5580000,0x00000000d6a00000,0x00000000d6a00000)
  from space 5120K, 94% used [0x00000000d6d80000,0x00000000d723f838,0x00000000d7280000)
  to   space 3584K, 0% used [0x00000000d7280000,0x00000000d7280000,0x00000000d7600000)
 ParOldGen       total 221184K, used 152479K [0x0000000080000000, 0x000000008d800000, 0x00000000d5580000)
  object space 221184K, 68% used [0x0000000080000000,0x00000000894e7dc0,0x000000008d800000)
 Metaspace       used 59905K, committed 60864K, reserved 1105920K
  class space    used 6947K, committed 7296K, reserved 1048576K
}
Event: 23.023 GC heap after
{Heap after GC invocations=125 (full 9):
 PSYoungGen      total 24576K, used 3578K [0x00000000d5580000, 0x00000000d7600000, 0x0000000100000000)
  eden space 20992K, 0% used [0x00000000d5580000,0x00000000d5580000,0x00000000d6a00000)
  from space 3584K, 99% used [0x00000000d7280000,0x00000000d75fea90,0x00000000d7600000)
  to   space 5632K, 0% used [0x00000000d6b00000,0x00000000d6b00000,0x00000000d7080000)
 ParOldGen       total 221184K, used 154081K [0x0000000080000000, 0x000000008d800000, 0x00000000d5580000)
  object space 221184K, 69% used [0x0000000080000000,0x0000000089678798,0x000000008d800000)
 Metaspace       used 59905K, committed 60864K, reserved 1105920K
  class space    used 6947K, committed 7296K, reserved 1048576K
}
Event: 23.351 GC heap before
{Heap before GC invocations=126 (full 9):
 PSYoungGen      total 24576K, used 24570K [0x00000000d5580000, 0x00000000d7600000, 0x0000000100000000)
  eden space 20992K, 100% used [0x00000000d5580000,0x00000000d6a00000,0x00000000d6a00000)
  from space 3584K, 99% used [0x00000000d7280000,0x00000000d75fea90,0x00000000d7600000)
  to   space 5632K, 0% used [0x00000000d6b00000,0x00000000d6b00000,0x00000000d7080000)
 ParOldGen       total 221184K, used 154081K [0x0000000080000000, 0x000000008d800000, 0x00000000d5580000)
  object space 221184K, 69% used [0x0000000080000000,0x0000000089678798,0x000000008d800000)
 Metaspace       used 62362K, committed 63296K, reserved 1105920K
  class space    used 7163K, committed 7488K, reserved 1048576K
}
Event: 23.355 GC heap after
{Heap after GC invocations=126 (full 9):
 PSYoungGen      total 25600K, used 4601K [0x00000000d5580000, 0x00000000d7400000, 0x0000000100000000)
  eden space 20992K, 0% used [0x00000000d5580000,0x00000000d5580000,0x00000000d6a00000)
  from space 4608K, 99% used [0x00000000d6b00000,0x00000000d6f7e5e0,0x00000000d6f80000)
  to   space 4608K, 0% used [0x00000000d6f80000,0x00000000d6f80000,0x00000000d7400000)
 ParOldGen       total 221184K, used 154436K [0x0000000080000000, 0x000000008d800000, 0x00000000d5580000)
  object space 221184K, 69% used [0x0000000080000000,0x00000000896d12a8,0x000000008d800000)
 Metaspace       used 62362K, committed 63296K, reserved 1105920K
  class space    used 7163K, committed 7488K, reserved 1048576K
}
Event: 23.427 GC heap before
{Heap before GC invocations=127 (full 9):
 PSYoungGen      total 25600K, used 25593K [0x00000000d5580000, 0x00000000d7400000, 0x0000000100000000)
  eden space 20992K, 100% used [0x00000000d5580000,0x00000000d6a00000,0x00000000d6a00000)
  from space 4608K, 99% used [0x00000000d6b00000,0x00000000d6f7e5e0,0x00000000d6f80000)
  to   space 4608K, 0% used [0x00000000d6f80000,0x00000000d6f80000,0x00000000d7400000)
 ParOldGen       total 221184K, used 154436K [0x0000000080000000, 0x000000008d800000, 0x00000000d5580000)
  object space 221184K, 69% used [0x0000000080000000,0x00000000896d12a8,0x000000008d800000)
 Metaspace       used 62848K, committed 63808K, reserved 1105920K
  class space    used 7218K, committed 7616K, reserved 1048576K
}
Event: 23.430 GC heap after
{Heap after GC invocations=127 (full 9):
 PSYoungGen      total 25088K, used 4593K [0x00000000d5580000, 0x00000000d7600000, 0x0000000100000000)
  eden space 20480K, 0% used [0x00000000d5580000,0x00000000d5580000,0x00000000d6980000)
  from space 4608K, 99% used [0x00000000d6f80000,0x00000000d73fc790,0x00000000d7400000)
  to   space 6144K, 0% used [0x00000000d6980000,0x00000000d6980000,0x00000000d6f80000)
 ParOldGen       total 221184K, used 155380K [0x0000000080000000, 0x000000008d800000, 0x00000000d5580000)
  object space 221184K, 70% used [0x0000000080000000,0x00000000897bd2b8,0x000000008d800000)
 Metaspace       used 62848K, committed 63808K, reserved 1105920K
  class space    used 7218K, committed 7616K, reserved 1048576K
}
Event: 23.489 GC heap before
{Heap before GC invocations=128 (full 9):
 PSYoungGen      total 25088K, used 25073K [0x00000000d5580000, 0x00000000d7600000, 0x0000000100000000)
  eden space 20480K, 100% used [0x00000000d5580000,0x00000000d6980000,0x00000000d6980000)
  from space 4608K, 99% used [0x00000000d6f80000,0x00000000d73fc790,0x00000000d7400000)
  to   space 6144K, 0% used [0x00000000d6980000,0x00000000d6980000,0x00000000d6f80000)
 ParOldGen       total 221184K, used 155380K [0x0000000080000000, 0x000000008d800000, 0x00000000d5580000)
  object space 221184K, 70% used [0x0000000080000000,0x00000000897bd2b8,0x000000008d800000)
 Metaspace       used 63164K, committed 64064K, reserved 1105920K
  class space    used 7240K, committed 7616K, reserved 1048576K
}
Event: 23.496 GC heap after
{Heap after GC invocations=128 (full 9):
 PSYoungGen      total 23552K, used 3071K [0x00000000d5580000, 0x00000000d7180000, 0x0000000100000000)
  eden space 20480K, 0% used [0x00000000d5580000,0x00000000d5580000,0x00000000d6980000)
  from space 3072K, 99% used [0x00000000d6980000,0x00000000d6c7fff8,0x00000000d6c80000)
  to   space 4096K, 0% used [0x00000000d6d80000,0x00000000d6d80000,0x00000000d7180000)
 ParOldGen       total 221184K, used 157537K [0x0000000080000000, 0x000000008d800000, 0x00000000d5580000)
  object space 221184K, 71% used [0x0000000080000000,0x00000000899d8770,0x000000008d800000)
 Metaspace       used 63164K, committed 64064K, reserved 1105920K
  class space    used 7240K, committed 7616K, reserved 1048576K
}
Event: 23.775 GC heap before
{Heap before GC invocations=129 (full 9):
 PSYoungGen      total 23552K, used 23551K [0x00000000d5580000, 0x00000000d7180000, 0x0000000100000000)
  eden space 20480K, 100% used [0x00000000d5580000,0x00000000d6980000,0x00000000d6980000)
  from space 3072K, 99% used [0x00000000d6980000,0x00000000d6c7fff8,0x00000000d6c80000)
  to   space 4096K, 0% used [0x00000000d6d80000,0x00000000d6d80000,0x00000000d7180000)
 ParOldGen       total 221184K, used 157537K [0x0000000080000000, 0x000000008d800000, 0x00000000d5580000)
  object space 221184K, 71% used [0x0000000080000000,0x00000000899d8770,0x000000008d800000)
 Metaspace       used 63888K, committed 64896K, reserved 1114112K
  class space    used 7312K, committed 7744K, reserved 1048576K
}
Event: 23.790 GC heap after
{Heap after GC invocations=129 (full 9):
 PSYoungGen      total 23552K, used 4091K [0x00000000d5580000, 0x00000000d7380000, 0x0000000100000000)
  eden space 19456K, 0% used [0x00000000d5580000,0x00000000d5580000,0x00000000d6880000)
  from space 4096K, 99% used [0x00000000d6d80000,0x00000000d717ecb8,0x00000000d7180000)
  to   space 5120K, 0% used [0x00000000d6880000,0x00000000d6880000,0x00000000d6d80000)
 ParOldGen       total 221184K, used 157867K [0x0000000080000000, 0x000000008d800000, 0x00000000d5580000)
  object space 221184K, 71% used [0x0000000080000000,0x0000000089a2acf0,0x000000008d800000)
 Metaspace       used 63888K, committed 64896K, reserved 1114112K
  class space    used 7312K, committed 7744K, reserved 1048576K
}
Event: 24.449 GC heap before
{Heap before GC invocations=130 (full 9):
 PSYoungGen      total 23552K, used 23547K [0x00000000d5580000, 0x00000000d7380000, 0x0000000100000000)
  eden space 19456K, 100% used [0x00000000d5580000,0x00000000d6880000,0x00000000d6880000)
  from space 4096K, 99% used [0x00000000d6d80000,0x00000000d717ecb8,0x00000000d7180000)
  to   space 5120K, 0% used [0x00000000d6880000,0x00000000d6880000,0x00000000d6d80000)
 ParOldGen       total 221184K, used 157867K [0x0000000080000000, 0x000000008d800000, 0x00000000d5580000)
  object space 221184K, 71% used [0x0000000080000000,0x0000000089a2acf0,0x000000008d800000)
 Metaspace       used 64249K, committed 65280K, reserved 1114112K
  class space    used 7341K, committed 7744K, reserved 1048576K
}
Event: 24.480 GC heap after
{Heap after GC invocations=130 (full 9):
 PSYoungGen      total 24576K, used 5095K [0x00000000d5580000, 0x00000000d7780000, 0x0000000100000000)
  eden space 19456K, 0% used [0x00000000d5580000,0x00000000d5580000,0x00000000d6880000)
  from space 5120K, 99% used [0x00000000d6880000,0x00000000d6d79cc0,0x00000000d6d80000)
  to   space 7680K, 0% used [0x00000000d7000000,0x00000000d7000000,0x00000000d7780000)
 ParOldGen       total 221184K, used 159639K [0x0000000080000000, 0x000000008d800000, 0x00000000d5580000)
  object space 221184K, 72% used [0x0000000080000000,0x0000000089be5c58,0x000000008d800000)
 Metaspace       used 64249K, committed 65280K, reserved 1114112K
  class space    used 7341K, committed 7744K, reserved 1048576K
}
Event: 24.986 GC heap before
{Heap before GC invocations=131 (full 9):
 PSYoungGen      total 24576K, used 24550K [0x00000000d5580000, 0x00000000d7780000, 0x0000000100000000)
  eden space 19456K, 99% used [0x00000000d5580000,0x00000000d687fce0,0x00000000d6880000)
  from space 5120K, 99% used [0x00000000d6880000,0x00000000d6d79cc0,0x00000000d6d80000)
  to   space 7680K, 0% used [0x00000000d7000000,0x00000000d7000000,0x00000000d7780000)
 ParOldGen       total 221184K, used 159639K [0x0000000080000000, 0x000000008d800000, 0x00000000d5580000)
  object space 221184K, 72% used [0x0000000080000000,0x0000000089be5c58,0x000000008d800000)
 Metaspace       used 64892K, committed 65920K, reserved 1114112K
  class space    used 7346K, committed 7744K, reserved 1048576K
}
Event: 25.002 GC heap after
{Heap after GC invocations=131 (full 9):
 PSYoungGen      total 23552K, used 3839K [0x00000000d5580000, 0x00000000d7400000, 0x0000000100000000)
  eden space 19456K, 0% used [0x00000000d5580000,0x00000000d5580000,0x00000000d6880000)
  from space 4096K, 93% used [0x00000000d7000000,0x00000000d73bfea0,0x00000000d7400000)
  to   space 5120K, 0% used [0x00000000d6a00000,0x00000000d6a00000,0x00000000d6f00000)
 ParOldGen       total 221184K, used 160814K [0x0000000080000000, 0x000000008d800000, 0x00000000d5580000)
  object space 221184K, 72% used [0x0000000080000000,0x0000000089d0bac0,0x000000008d800000)
 Metaspace       used 64892K, committed 65920K, reserved 1114112K
  class space    used 7346K, committed 7744K, reserved 1048576K
}
Event: 337.710 GC heap before
{Heap before GC invocations=132 (full 9):
 PSYoungGen      total 23552K, used 23295K [0x00000000d5580000, 0x00000000d7400000, 0x0000000100000000)
  eden space 19456K, 100% used [0x00000000d5580000,0x00000000d6880000,0x00000000d6880000)
  from space 4096K, 93% used [0x00000000d7000000,0x00000000d73bfea0,0x00000000d7400000)
  to   space 5120K, 0% used [0x00000000d6a00000,0x00000000d6a00000,0x00000000d6f00000)
 ParOldGen       total 221184K, used 160814K [0x0000000080000000, 0x000000008d800000, 0x00000000d5580000)
  object space 221184K, 72% used [0x0000000080000000,0x0000000089d0bac0,0x000000008d800000)
 Metaspace       used 65397K, committed 66432K, reserved 1114112K
  class space    used 7401K, committed 7808K, reserved 1048576K
}
Event: 337.720 GC heap after
{Heap after GC invocations=132 (full 9):
 PSYoungGen      total 24064K, used 4224K [0x00000000d5580000, 0x00000000d7180000, 0x0000000100000000)
  eden space 19456K, 0% used [0x00000000d5580000,0x00000000d5580000,0x00000000d6880000)
  from space 4608K, 91% used [0x00000000d6a00000,0x00000000d6e200f8,0x00000000d6e80000)
  to   space 3072K, 0% used [0x00000000d6e80000,0x00000000d6e80000,0x00000000d7180000)
 ParOldGen       total 221184K, used 160822K [0x0000000080000000, 0x000000008d800000, 0x00000000d5580000)
  object space 221184K, 72% used [0x0000000080000000,0x0000000089d0dac0,0x000000008d800000)
 Metaspace       used 65397K, committed 66432K, reserved 1114112K
  class space    used 7401K, committed 7808K, reserved 1048576K
}
Event: 338.058 GC heap before
{Heap before GC invocations=133 (full 9):
 PSYoungGen      total 24064K, used 23680K [0x00000000d5580000, 0x00000000d7180000, 0x0000000100000000)
  eden space 19456K, 100% used [0x00000000d5580000,0x00000000d6880000,0x00000000d6880000)
  from space 4608K, 91% used [0x00000000d6a00000,0x00000000d6e200f8,0x00000000d6e80000)
  to   space 3072K, 0% used [0x00000000d6e80000,0x00000000d6e80000,0x00000000d7180000)
 ParOldGen       total 221184K, used 160822K [0x0000000080000000, 0x000000008d800000, 0x00000000d5580000)
  object space 221184K, 72% used [0x0000000080000000,0x0000000089d0dac0,0x000000008d800000)
 Metaspace       used 65674K, committed 66688K, reserved 1114112K
  class space    used 7434K, committed 7808K, reserved 1048576K
}
Event: 338.067 GC heap after
{Heap after GC invocations=133 (full 9):
 PSYoungGen      total 18432K, used 3059K [0x00000000d5580000, 0x00000000d7c80000, 0x0000000100000000)
  eden space 15360K, 0% used [0x00000000d5580000,0x00000000d5580000,0x00000000d6480000)
  from space 3072K, 99% used [0x00000000d6e80000,0x00000000d717ccf8,0x00000000d7180000)
  to   space 10240K, 0% used [0x00000000d6480000,0x00000000d6480000,0x00000000d6e80000)
 ParOldGen       total 221184K, used 167075K [0x0000000080000000, 0x000000008d800000, 0x00000000d5580000)
  object space 221184K, 75% used [0x0000000080000000,0x000000008a328e38,0x000000008d800000)
 Metaspace       used 65674K, committed 66688K, reserved 1114112K
  class space    used 7434K, committed 7808K, reserved 1048576K
}

