# JRE version: OpenJDK Runtime Environment Temurin-17.0.6+10 (17.0.6+10) (build 17.0.6+10)
# Java VM: OpenJDK 64-Bit Server VM Temurin-17.0.6+10 (17.0.6+10, mixed mode, tiered, compressed oops, compressed class ptrs, parallel gc, linux-amd64)
GC Precious Log:
 CPUs: 12 total, 12 available
 Memory: 15445M
 Large Page Support: Disabled
 NUMA Support: Disabled
 Compressed Oops: Enabled (32-bit)
 Alignments: Space 512K, Generation 512K, Heap 2M
 Heap Min Capacity: 100M
 Heap Initial Capacity: 100M
 Heap Max Capacity: 2G
 Pre-touch: Disabled
 Parallel Workers: 10
Heap:
 PSYoungGen      total 5120K, used 680K [0x00000000d5580000, 0x00000000d5b00000, 0x0000000100000000)
  eden space 4608K, 5% used [0x00000000d5580000,0x00000000d55c21e8,0x00000000d5a00000)
  from space 512K, 81% used [0x00000000d5a80000,0x00000000d5ae8000,0x00000000d5b00000)
  to   space 512K, 0% used [0x00000000d5a00000,0x00000000d5a00000,0x00000000d5a80000)
 ParOldGen       total 118784K, used 85765K [0x0000000080000000, 0x0000000087400000, 0x00000000d5580000)
  object space 118784K, 72% used [0x0000000080000000,0x00000000853c1410,0x0000000087400000)
 Metaspace       used 66612K, committed 67584K, reserved 1114112K
  class space    used 8039K, committed 8512K, reserved 1048576K
GC Heap History (20 events):
Event: 730.819 GC heap before
{Heap before GC invocations=60 (full 5):
 PSYoungGen      total 2560K, used 2336K [0x00000000d5580000, 0x00000000d5b00000, 0x0000000100000000)
  eden space 2048K, 100% used [0x00000000d5580000,0x00000000d5780000,0x00000000d5780000)
  from space 512K, 56% used [0x00000000d5a80000,0x00000000d5ac8000,0x00000000d5b00000)
  to   space 1024K, 0% used [0x00000000d5900000,0x00000000d5900000,0x00000000d5a00000)
 ParOldGen       total 118784K, used 85709K [0x0000000080000000, 0x0000000087400000, 0x00000000d5580000)
  object space 118784K, 72% used [0x0000000080000000,0x00000000853b3410,0x0000000087400000)
 Metaspace       used 65730K, committed 66688K, reserved 1114112K
  class space    used 7951K, committed 8320K, reserved 1048576K
}
Event: 730.820 GC heap after
{Heap after GC invocations=60 (full 5):
 PSYoungGen      total 3584K, used 320K [0x00000000d5580000, 0x00000000d5b00000, 0x0000000100000000)
  eden space 2560K, 0% used [0x00000000d5580000,0x00000000d5580000,0x00000000d5800000)
  from space 1024K, 31% used [0x00000000d5900000,0x00000000d5950000,0x00000000d5a00000)
  to   space 512K, 0% used [0x00000000d5a80000,0x00000000d5a80000,0x00000000d5b00000)
 ParOldGen       total 118784K, used 85717K [0x0000000080000000, 0x0000000087400000, 0x00000000d5580000)
  object space 118784K, 72% used [0x0000000080000000,0x00000000853b5410,0x0000000087400000)
 Metaspace       used 65730K, committed 66688K, reserved 1114112K
  class space    used 7951K, committed 8320K, reserved 1048576K
}
Event: 754.144 GC heap before
{Heap before GC invocations=61 (full 5):
 PSYoungGen      total 3584K, used 2864K [0x00000000d5580000, 0x00000000d5b00000, 0x0000000100000000)
  eden space 2560K, 99% used [0x00000000d5580000,0x00000000d57fc1a8,0x00000000d5800000)
  from space 1024K, 31% used [0x00000000d5900000,0x00000000d5950000,0x00000000d5a00000)
  to   space 512K, 0% used [0x00000000d5a80000,0x00000000d5a80000,0x00000000d5b00000)
 ParOldGen       total 118784K, used 85717K [0x0000000080000000, 0x0000000087400000, 0x00000000d5580000)
  object space 118784K, 72% used [0x0000000080000000,0x00000000853b5410,0x0000000087400000)
 Metaspace       used 65759K, committed 66688K, reserved 1114112K
  class space    used 7953K, committed 8320K, reserved 1048576K
}
Event: 754.145 GC heap after
{Heap after GC invocations=61 (full 5):
 PSYoungGen      total 3584K, used 320K [0x00000000d5580000, 0x00000000d5b00000, 0x0000000100000000)
  eden space 3072K, 0% used [0x00000000d5580000,0x00000000d5580000,0x00000000d5880000)
  from space 512K, 62% used [0x00000000d5a80000,0x00000000d5ad0000,0x00000000d5b00000)
  to   space 512K, 0% used [0x00000000d5a00000,0x00000000d5a00000,0x00000000d5a80000)
 ParOldGen       total 118784K, used 85725K [0x0000000080000000, 0x0000000087400000, 0x00000000d5580000)
  object space 118784K, 72% used [0x0000000080000000,0x00000000853b7410,0x0000000087400000)
 Metaspace       used 65759K, committed 66688K, reserved 1114112K
  class space    used 7953K, committed 8320K, reserved 1048576K
}
Event: 775.904 GC heap before
{Heap before GC invocations=62 (full 5):
 PSYoungGen      total 3584K, used 3392K [0x00000000d5580000, 0x00000000d5b00000, 0x0000000100000000)
  eden space 3072K, 100% used [0x00000000d5580000,0x00000000d5880000,0x00000000d5880000)
  from space 512K, 62% used [0x00000000d5a80000,0x00000000d5ad0000,0x00000000d5b00000)
  to   space 512K, 0% used [0x00000000d5a00000,0x00000000d5a00000,0x00000000d5a80000)
 ParOldGen       total 118784K, used 85725K [0x0000000080000000, 0x0000000087400000, 0x00000000d5580000)
  object space 118784K, 72% used [0x0000000080000000,0x00000000853b7410,0x0000000087400000)
 Metaspace       used 65776K, committed 66688K, reserved 1114112K
  class space    used 7953K, committed 8320K, reserved 1048576K
}
Event: 775.905 GC heap after
{Heap after GC invocations=62 (full 5):
 PSYoungGen      total 4096K, used 320K [0x00000000d5580000, 0x00000000d5b00000, 0x0000000100000000)
  eden space 3584K, 0% used [0x00000000d5580000,0x00000000d5580000,0x00000000d5900000)
  from space 512K, 62% used [0x00000000d5a00000,0x00000000d5a50000,0x00000000d5a80000)
  to   space 512K, 0% used [0x00000000d5a80000,0x00000000d5a80000,0x00000000d5b00000)
 ParOldGen       total 118784K, used 85725K [0x0000000080000000, 0x0000000087400000, 0x00000000d5580000)
  object space 118784K, 72% used [0x0000000080000000,0x00000000853b7410,0x0000000087400000)
 Metaspace       used 65776K, committed 66688K, reserved 1114112K
  class space    used 7953K, committed 8320K, reserved 1048576K
}
Event: 896.029 GC heap before
{Heap before GC invocations=63 (full 5):
 PSYoungGen      total 4096K, used 3904K [0x00000000d5580000, 0x00000000d5b00000, 0x0000000100000000)
  eden space 3584K, 100% used [0x00000000d5580000,0x00000000d5900000,0x00000000d5900000)
  from space 512K, 62% used [0x00000000d5a00000,0x00000000d5a50000,0x00000000d5a80000)
  to   space 512K, 0% used [0x00000000d5a80000,0x00000000d5a80000,0x00000000d5b00000)
 ParOldGen       total 118784K, used 85725K [0x0000000080000000, 0x0000000087400000, 0x00000000d5580000)
  object space 118784K, 72% used [0x0000000080000000,0x00000000853b7410,0x0000000087400000)
 Metaspace       used 65969K, committed 67008K, reserved 1114112K
  class space    used 7971K, committed 8384K, reserved 1048576K
}
Event: 896.030 GC heap after
{Heap after GC invocations=63 (full 5):
 PSYoungGen      total 4608K, used 320K [0x00000000d5580000, 0x00000000d5b00000, 0x0000000100000000)
  eden space 4096K, 0% used [0x00000000d5580000,0x00000000d5580000,0x00000000d5980000)
  from space 512K, 62% used [0x00000000d5a80000,0x00000000d5ad0000,0x00000000d5b00000)
  to   space 512K, 0% used [0x00000000d5a00000,0x00000000d5a00000,0x00000000d5a80000)
 ParOldGen       total 118784K, used 85733K [0x0000000080000000, 0x0000000087400000, 0x00000000d5580000)
  object space 118784K, 72% used [0x0000000080000000,0x00000000853b9410,0x0000000087400000)
 Metaspace       used 65969K, committed 67008K, reserved 1114112K
  class space    used 7971K, committed 8384K, reserved 1048576K
}
Event: 2038.675 GC heap before
{Heap before GC invocations=64 (full 5):
 PSYoungGen      total 4608K, used 4416K [0x00000000d5580000, 0x00000000d5b00000, 0x0000000100000000)
  eden space 4096K, 100% used [0x00000000d5580000,0x00000000d5980000,0x00000000d5980000)
  from space 512K, 62% used [0x00000000d5a80000,0x00000000d5ad0000,0x00000000d5b00000)
  to   space 512K, 0% used [0x00000000d5a00000,0x00000000d5a00000,0x00000000d5a80000)
 ParOldGen       total 118784K, used 85733K [0x0000000080000000, 0x0000000087400000, 0x00000000d5580000)
  object space 118784K, 72% used [0x0000000080000000,0x00000000853b9410,0x0000000087400000)
 Metaspace       used 66062K, committed 67072K, reserved 1114112K
  class space    used 7978K, committed 8384K, reserved 1048576K
}
Event: 2038.676 GC heap after
{Heap after GC invocations=64 (full 5):
 PSYoungGen      total 5120K, used 320K [0x00000000d5580000, 0x00000000d5b00000, 0x0000000100000000)
  eden space 4608K, 0% used [0x00000000d5580000,0x00000000d5580000,0x00000000d5a00000)
  from space 512K, 62% used [0x00000000d5a00000,0x00000000d5a50000,0x00000000d5a80000)
  to   space 512K, 0% used [0x00000000d5a80000,0x00000000d5a80000,0x00000000d5b00000)
 ParOldGen       total 118784K, used 85733K [0x0000000080000000, 0x0000000087400000, 0x00000000d5580000)
  object space 118784K, 72% used [0x0000000080000000,0x00000000853b9410,0x0000000087400000)
 Metaspace       used 66062K, committed 67072K, reserved 1114112K
  class space    used 7978K, committed 8384K, reserved 1048576K
}
Event: 5276.587 GC heap before
{Heap before GC invocations=65 (full 5):
 PSYoungGen      total 5120K, used 4928K [0x00000000d5580000, 0x00000000d5b00000, 0x0000000100000000)
  eden space 4608K, 100% used [0x00000000d5580000,0x00000000d5a00000,0x00000000d5a00000)
  from space 512K, 62% used [0x00000000d5a00000,0x00000000d5a50000,0x00000000d5a80000)
  to   space 512K, 0% used [0x00000000d5a80000,0x00000000d5a80000,0x00000000d5b00000)
 ParOldGen       total 118784K, used 85733K [0x0000000080000000, 0x0000000087400000, 0x00000000d5580000)
  object space 118784K, 72% used [0x0000000080000000,0x00000000853b9410,0x0000000087400000)
 Metaspace       used 66090K, committed 67072K, reserved 1114112K
  class space    used 7978K, committed 8384K, reserved 1048576K
}
Event: 5276.587 GC heap after
{Heap after GC invocations=65 (full 5):
 PSYoungGen      total 5120K, used 288K [0x00000000d5580000, 0x00000000d5b80000, 0x0000000100000000)
  eden space 4608K, 0% used [0x00000000d5580000,0x00000000d5580000,0x00000000d5a00000)
  from space 512K, 56% used [0x00000000d5a80000,0x00000000d5ac8000,0x00000000d5b00000)
  to   space 512K, 0% used [0x00000000d5a00000,0x00000000d5a00000,0x00000000d5a80000)
 ParOldGen       total 118784K, used 85741K [0x0000000080000000, 0x0000000087400000, 0x00000000d5580000)
  object space 118784K, 72% used [0x0000000080000000,0x00000000853bb410,0x0000000087400000)
 Metaspace       used 66090K, committed 67072K, reserved 1114112K
  class space    used 7978K, committed 8384K, reserved 1048576K
}
Event: 6071.900 GC heap before
{Heap before GC invocations=66 (full 5):
 PSYoungGen      total 5120K, used 4896K [0x00000000d5580000, 0x00000000d5b80000, 0x0000000100000000)
  eden space 4608K, 100% used [0x00000000d5580000,0x00000000d5a00000,0x00000000d5a00000)
  from space 512K, 56% used [0x00000000d5a80000,0x00000000d5ac8000,0x00000000d5b00000)
  to   space 512K, 0% used [0x00000000d5a00000,0x00000000d5a00000,0x00000000d5a80000)
 ParOldGen       total 118784K, used 85741K [0x0000000080000000, 0x0000000087400000, 0x00000000d5580000)
  object space 118784K, 72% used [0x0000000080000000,0x00000000853bb410,0x0000000087400000)
 Metaspace       used 66129K, committed 67072K, reserved 1114112K
  class space    used 7980K, committed 8384K, reserved 1048576K
}
Event: 6071.901 GC heap after
{Heap after GC invocations=66 (full 5):
 PSYoungGen      total 5120K, used 288K [0x00000000d5580000, 0x00000000d5b00000, 0x0000000100000000)
  eden space 4608K, 0% used [0x00000000d5580000,0x00000000d5580000,0x00000000d5a00000)
  from space 512K, 56% used [0x00000000d5a00000,0x00000000d5a48000,0x00000000d5a80000)
  to   space 512K, 0% used [0x00000000d5a80000,0x00000000d5a80000,0x00000000d5b00000)
 ParOldGen       total 118784K, used 85749K [0x0000000080000000, 0x0000000087400000, 0x00000000d5580000)
  object space 118784K, 72% used [0x0000000080000000,0x00000000853bd410,0x0000000087400000)
 Metaspace       used 66129K, committed 67072K, reserved 1114112K
  class space    used 7980K, committed 8384K, reserved 1048576K
}
Event: 6098.992 GC heap before
{Heap before GC invocations=67 (full 5):
 PSYoungGen      total 5120K, used 4390K [0x00000000d5580000, 0x00000000d5b00000, 0x0000000100000000)
  eden space 4608K, 89% used [0x00000000d5580000,0x00000000d5981a90,0x00000000d5a00000)
  from space 512K, 56% used [0x00000000d5a00000,0x00000000d5a48000,0x00000000d5a80000)
  to   space 512K, 0% used [0x00000000d5a80000,0x00000000d5a80000,0x00000000d5b00000)
 ParOldGen       total 118784K, used 85749K [0x0000000080000000, 0x0000000087400000, 0x00000000d5580000)
  object space 118784K, 72% used [0x0000000080000000,0x00000000853bd410,0x0000000087400000)
 Metaspace       used 66188K, committed 67136K, reserved 1114112K
  class space    used 7993K, committed 8384K, reserved 1048576K
}
Event: 6098.992 GC heap after
{Heap after GC invocations=67 (full 5):
 PSYoungGen      total 5120K, used 320K [0x00000000d5580000, 0x00000000d5b00000, 0x0000000100000000)
  eden space 4608K, 0% used [0x00000000d5580000,0x00000000d5580000,0x00000000d5a00000)
  from space 512K, 62% used [0x00000000d5a80000,0x00000000d5ad0000,0x00000000d5b00000)
  to   space 512K, 0% used [0x00000000d5a00000,0x00000000d5a00000,0x00000000d5a80000)
 ParOldGen       total 118784K, used 85757K [0x0000000080000000, 0x0000000087400000, 0x00000000d5580000)
  object space 118784K, 72% used [0x0000000080000000,0x00000000853bf410,0x0000000087400000)
 Metaspace       used 66188K, committed 67136K, reserved 1114112K
  class space    used 7993K, committed 8384K, reserved 1048576K
}
Event: 6098.998 GC heap before
{Heap before GC invocations=68 (full 5):
 PSYoungGen      total 5120K, used 4916K [0x00000000d5580000, 0x00000000d5b00000, 0x0000000100000000)
  eden space 4608K, 99% used [0x00000000d5580000,0x00000000d59fd138,0x00000000d5a00000)
  from space 512K, 62% used [0x00000000d5a80000,0x00000000d5ad0000,0x00000000d5b00000)
  to   space 512K, 0% used [0x00000000d5a00000,0x00000000d5a00000,0x00000000d5a80000)
 ParOldGen       total 118784K, used 85757K [0x0000000080000000, 0x0000000087400000, 0x00000000d5580000)
  object space 118784K, 72% used [0x0000000080000000,0x00000000853bf410,0x0000000087400000)
 Metaspace       used 66188K, committed 67136K, reserved 1114112K
  class space    used 7993K, committed 8384K, reserved 1048576K
}
Event: 6098.999 GC heap after
{Heap after GC invocations=68 (full 5):
 PSYoungGen      total 5120K, used 320K [0x00000000d5580000, 0x00000000d5b00000, 0x0000000100000000)
  eden space 4608K, 0% used [0x00000000d5580000,0x00000000d5580000,0x00000000d5a00000)
  from space 512K, 62% used [0x00000000d5a00000,0x00000000d5a50000,0x00000000d5a80000)
  to   space 512K, 0% used [0x00000000d5a80000,0x00000000d5a80000,0x00000000d5b00000)
 ParOldGen       total 118784K, used 85757K [0x0000000080000000, 0x0000000087400000, 0x00000000d5580000)
  object space 118784K, 72% used [0x0000000080000000,0x00000000853bf410,0x0000000087400000)
 Metaspace       used 66188K, committed 67136K, reserved 1114112K
  class space    used 7993K, committed 8384K, reserved 1048576K
}
Event: 6099.647 GC heap before
{Heap before GC invocations=69 (full 5):
 PSYoungGen      total 5120K, used 4928K [0x00000000d5580000, 0x00000000d5b00000, 0x0000000100000000)
  eden space 4608K, 100% used [0x00000000d5580000,0x00000000d5a00000,0x00000000d5a00000)
  from space 512K, 62% used [0x00000000d5a00000,0x00000000d5a50000,0x00000000d5a80000)
  to   space 512K, 0% used [0x00000000d5a80000,0x00000000d5a80000,0x00000000d5b00000)
 ParOldGen       total 118784K, used 85757K [0x0000000080000000, 0x0000000087400000, 0x00000000d5580000)
  object space 118784K, 72% used [0x0000000080000000,0x00000000853bf410,0x0000000087400000)
 Metaspace       used 66595K, committed 67584K, reserved 1114112K
  class space    used 8038K, committed 8512K, reserved 1048576K
}
Event: 6099.647 GC heap after
{Heap after GC invocations=69 (full 5):
 PSYoungGen      total 5120K, used 416K [0x00000000d5580000, 0x00000000d5b00000, 0x0000000100000000)
  eden space 4608K, 0% used [0x00000000d5580000,0x00000000d5580000,0x00000000d5a00000)
  from space 512K, 81% used [0x00000000d5a80000,0x00000000d5ae8000,0x00000000d5b00000)
  to   space 512K, 0% used [0x00000000d5a00000,0x00000000d5a00000,0x00000000d5a80000)
 ParOldGen       total 118784K, used 85765K [0x0000000080000000, 0x0000000087400000, 0x00000000d5580000)
  object space 118784K, 72% used [0x0000000080000000,0x00000000853c1410,0x0000000087400000)
 Metaspace       used 66595K, committed 67584K, reserved 1114112K
  class space    used 8038K, committed 8512K, reserved 1048576K
}

